<?xml version="1.0" encoding="UTF-8"?>
<testng-results ignored="0" total="1" passed="1" failed="0" skipped="0">
  <reporter-output>
  </reporter-output>
  <suite started-at="2020-03-22T13:39:06Z" name="Default suite" finished-at="2020-03-22T13:39:49Z" duration-ms="43588">
    <groups>
      <group name="cucumber">
        <method signature="AbstractTestNGCucumberTests.feature(cucumber.api.testng.CucumberFeatureWrapper)[pri:0, instance:Runner.TestRunner@1677d1]" name="feature" class="cucumber.api.testng.AbstractTestNGCucumberTests"/>
      </group> <!-- cucumber -->
    </groups>
    <test started-at="2020-03-22T13:39:06Z" name="Default test" finished-at="2020-03-22T13:39:49Z" duration-ms="43588">
      <class name="Runner.TestRunner">
        <test-method is-config="true" signature="setUpClass()[pri:0, instance:Runner.TestRunner@1677d1]" started-at="2020-03-22T13:39:06Z" name="setUpClass" finished-at="2020-03-22T13:39:06Z" duration-ms="547" status="PASS">
          <reporter-output>
          </reporter-output>
        </test-method> <!-- setUpClass -->
        <test-method signature="feature(cucumber.api.testng.CucumberFeatureWrapper)[pri:0, instance:Runner.TestRunner@1677d1]" started-at="2020-03-22T13:39:07Z" name="feature" description="Runs Cucumber Feature" data-provider="features" finished-at="2020-03-22T13:39:49Z" duration-ms="42848" status="PASS">
          <params>
            <param index="0">
              <value>
                <![CDATA[iPhone XR (64GB) - Yellow price comparision]]>
              </value>
            </param>
          </params>
          <reporter-output>
          </reporter-output>
        </test-method> <!-- feature -->
        <test-method is-config="true" signature="tearDownClass()[pri:0, instance:Runner.TestRunner@1677d1]" started-at="2020-03-22T13:39:49Z" name="tearDownClass" finished-at="2020-03-22T13:39:49Z" duration-ms="23" status="PASS">
          <reporter-output>
          </reporter-output>
        </test-method> <!-- tearDownClass -->
      </class> <!-- Runner.TestRunner -->
    </test> <!-- Default test -->
  </suite> <!-- Default suite -->
</testng-results>
